<?xml version="1.0" encoding="UTF-8"?>
<!-- Generated by org.testng.reporters.JUnitReportReporter -->
<testsuite hostname="SipunDas" failures="0" tests="5" name="testNG.Sample2" time="22.964" errors="0" timestamp="2025-08-05T08:23:15 IST" skipped="0">
  <testcase classname="testNG.Sample2" name="insta" time="3.775"/>
  <testcase classname="testNG.Sample2" name="insta" time="7.410"/>
  <testcase classname="testNG.Sample2" name="insta" time="3.218"/>
  <testcase classname="testNG.Sample2" name="insta" time="3.508"/>
  <testcase classname="testNG.Sample2" name="insta" time="5.053"/>
</testsuite> <!-- testNG.Sample2 -->
