<?xml version="1.0" encoding="UTF-8"?>
<!-- Generated by org.testng.reporters.JUnitReportReporter -->
<testsuite hostname="SipunDas" failures="0" tests="1" name="sample.HardAssertion" time="5.703" errors="0" timestamp="2025-08-14T08:49:42 IST" skipped="0">
  <testcase classname="sample.HardAssertion" name="demo" time="5.703"/>
</testsuite> <!-- sample.HardAssertion -->
