<?xml version="1.0" encoding="UTF-8"?>
<!-- Generated by org.testng.reporters.JUnitReportReporter -->
<testsuite hostname="SipunDas" failures="0" tests="3" name="pom.DataProviderDemo" time="0.022" errors="0" timestamp="2025-08-06T08:08:16 IST" skipped="0">
  <testcase classname="pom.DataProviderDemo" name="login" time="0.004"/>
  <testcase classname="pom.DataProviderDemo" name="login" time="0.002"/>
  <testcase classname="pom.DataProviderDemo" name="login" time="0.016"/>
</testsuite> <!-- pom.DataProviderDemo -->
