<?xml version="1.0" encoding="UTF-8"?>
<!-- Generated by org.testng.reporters.JUnitReportReporter -->
<testsuite hostname="SipunDas" failures="0" tests="2" name="pom.DataProviderExcel" time="12.035" errors="0" timestamp="2025-08-06T08:49:01 IST" skipped="0">
  <testcase classname="pom.DataProviderExcel" name="login" time="6.018"/>
  <testcase classname="pom.DataProviderExcel" name="login" time="6.017"/>
</testsuite> <!-- pom.DataProviderExcel -->
