<?xml version="1.0" encoding="UTF-8"?>
<!-- Generated by org.testng.reporters.JUnitReportReporter -->
<testsuite hostname="SipunDas" failures="0" tests="3" name="campaign.CampaignTest" time="26.151" errors="0" timestamp="2025-08-21T07:31:03 IST" skipped="0">
  <testcase classname="campaign.CampaignTest" name="CreateCampaignWithExpectedDate" time="10.482"/>
  <testcase classname="campaign.CampaignTest" name="CreateCampaignWithStatus" time="6.860"/>
  <testcase classname="campaign.CampaignTest" name="CreateCampaignwithMandatory" time="8.809"/>
</testsuite> <!-- campaign.CampaignTest -->
