<?xml version="1.0" encoding="UTF-8"?>
<!-- Generated by org.testng.reporters.JUnitReportReporter -->
<testsuite hostname="SipunDas" failures="0" tests="3" name="pom.Dependson" time="0.023" errors="0" timestamp="2025-08-06T07:27:27 IST" skipped="0">
  <testcase classname="pom.Dependson" name="createAcc" time="0.018">
    <system-out>
      <![CDATA[createAcc]]>
    </system-out>
  </testcase> <!-- createAcc -->
  <testcase classname="pom.Dependson" name="updateAcc" time="0.003">
    <system-out>
      <![CDATA[updateAcc]]>
    </system-out>
  </testcase> <!-- updateAcc -->
  <testcase classname="pom.Dependson" name="deleteAcc" time="0.002">
    <system-out>
      <![CDATA[updateAcc]]>
    </system-out>
  </testcase> <!-- deleteAcc -->
  <system-out>
    <![CDATA[createAcc
updateAcc
updateAcc]]>
  </system-out>
</testsuite> <!-- pom.Dependson -->
