<?xml version="1.0" encoding="UTF-8"?>
<!-- Generated by org.testng.reporters.JUnitReportReporter -->
<testsuite hostname="SipunDas" failures="0" tests="3" name="testNG.Sample4" time="0.013" errors="0" timestamp="2025-08-05T08:49:34 IST" skipped="1">
  <testcase classname="testNG.Sample4" name="demo3" time="0.002">
    <system-out>
      <![CDATA[demo3]]>
    </system-out>
  </testcase> <!-- demo3 -->
  <testcase classname="testNG.Sample4" name="demo1" time="0.011">
    <system-out>
      <![CDATA[demo1]]>
    </system-out>
  </testcase> <!-- demo1 -->
  <testcase classname="testNG.Sample4" name="demo2">
    <skipped/>
  </testcase> <!-- demo2 -->
  <system-out>
    <![CDATA[demo1
demo3]]>
  </system-out>
</testsuite> <!-- testNG.Sample4 -->
