<?xml version="1.0" encoding="UTF-8"?>
<!-- Generated by org.testng.reporters.JUnitReportReporter -->
<testsuite hostname="SipunDas" failures="0" tests="3" name="pom.Sample" time="0.015" errors="0" timestamp="2025-08-05T08:15:18 IST" skipped="0">
  <testcase classname="pom.Sample" name="create" time="0.013">
    <system-out>
      <![CDATA[create]]>
    </system-out>
  </testcase> <!-- create -->
  <testcase classname="pom.Sample" name="update" time="0.001">
    <system-out>
      <![CDATA[update]]>
    </system-out>
  </testcase> <!-- update -->
  <testcase classname="pom.Sample" name="delete" time="0.001">
    <system-out>
      <![CDATA[delete]]>
    </system-out>
  </testcase> <!-- delete -->
  <system-out>
    <![CDATA[create
update
delete]]>
  </system-out>
</testsuite> <!-- pom.Sample -->
