<?xml version="1.0" encoding="UTF-8"?>
<!-- Generated by org.testng.reporters.JUnitReportReporter -->
<testsuite hostname="SipunDas" failures="0" tests="3" name="campaign.CampaignTest" time="54.296" errors="0" timestamp="2025-09-30T07:05:45 IST" skipped="0">
  <testcase classname="campaign.CampaignTest" name="CreateCampaignWithStatus" time="20.317"/>
  <testcase classname="campaign.CampaignTest" name="CreateCampaignWithExpectedDate" time="16.683"/>
  <testcase classname="campaign.CampaignTest" name="CreateCampaignwithMandatory" time="17.296"/>
</testsuite> <!-- campaign.CampaignTest -->
