<?xml version="1.0" encoding="UTF-8"?>
<!-- Generated by org.testng.reporters.JUnitReportReporter -->
<testsuite hostname="SipunDas" failures="0" tests="1" name="sample.TakeScreenshot" time="3.092" errors="0" timestamp="2025-08-15T07:52:01 IST" skipped="0">
  <testcase classname="sample.TakeScreenshot" name="takeSS" time="3.092"/>
</testsuite> <!-- sample.TakeScreenshot -->
