<?xml version="1.0" encoding="UTF-8"?>
<!-- Generated by org.testng.reporters.JUnitReportReporter -->
<testsuite hostname="SipunDas" failures="0" tests="1" name="assignment.SampleTest" time="0.027" errors="0" timestamp="2025-08-21T16:36:02 IST" skipped="0">
  <testcase classname="assignment.SampleTest" name="loginTest" time="0.027"/>
</testsuite> <!-- assignment.SampleTest -->
