<?xml version="1.0" encoding="UTF-8"?>
<!-- Generated by org.testng.reporters.JUnitReportReporter -->
<testsuite hostname="SipunDas" failures="0" tests="5" name="testNG.Sample3" time="18.007" errors="0" timestamp="2025-08-05T08:33:20 IST" skipped="0">
  <testcase classname="testNG.Sample3" name="facebook" time="3.655"/>
  <testcase classname="testNG.Sample3" name="facebook" time="3.292"/>
  <testcase classname="testNG.Sample3" name="facebook" time="3.245"/>
  <testcase classname="testNG.Sample3" name="facebook" time="3.761"/>
  <testcase classname="testNG.Sample3" name="facebook" time="4.054"/>
</testsuite> <!-- testNG.Sample3 -->
